Build started 5/18/2015 8:43:45 PM.
     1>Project "C:\Users\Owner\Documents\0 - College Work\1 - Freshman Year\CS182\VisualStudio Solutions\1 - MySBBST\MySBBST\MySBBST.vcxproj" on node 2 (Build target(s)).
     1>ClCompile:
         C:\Program Files (x86)\Microsoft Visual Studio 12.0\VC\bin\CL.exe /c /ZI /nologo /W3 /WX- /sdl /Od /Oy- /D _MBCS /Gm /EHsc /RTC1 /MDd /GS /fp:precise /Zc:wchar_t /Zc:forScope /Fo"Debug\\" /Fd"Debug\vc120.pdb" /Gd /TP /analyze- /errorReport:prompt ..\..\..\SBBST\add.cpp ..\..\..\SBBST\comparators.cpp ..\..\..\SBBST\height.cpp ..\..\..\SBBST\main.cpp ..\..\..\SBBST\MySBBST.cpp ..\..\..\SBBST\order.cpp ..\..\..\SBBST\printout.cpp ..\..\..\SBBST\problemChecking.cpp ..\..\..\SBBST\remove.cpp ..\..\..\SBBST\search.cpp
         search.cpp
         remove.cpp
         problemChecking.cpp
         printout.cpp
         order.cpp
         MySBBST.cpp
         main.cpp
         height.cpp
         comparators.cpp
         add.cpp
         Generating Code...
       Link:
         C:\Program Files (x86)\Microsoft Visual Studio 12.0\VC\bin\link.exe /ERRORREPORT:PROMPT /OUT:"C:\Users\Owner\Documents\0 - College Work\1 - Freshman Year\CS182\VisualStudio Solutions\1 - MySBBST\Debug\MySBBST.exe" /INCREMENTAL /NOLOGO kernel32.lib user32.lib gdi32.lib winspool.lib comdlg32.lib advapi32.lib shell32.lib ole32.lib oleaut32.lib uuid.lib odbc32.lib odbccp32.lib /MANIFEST /MANIFESTUAC:"level='asInvoker' uiAccess='false'" /manifest:embed /DEBUG /PDB:"C:\Users\Owner\Documents\0 - College Work\1 - Freshman Year\CS182\VisualStudio Solutions\1 - MySBBST\Debug\MySBBST.pdb" /TLBID:1 /DYNAMICBASE /NXCOMPAT /IMPLIB:"C:\Users\Owner\Documents\0 - College Work\1 - Freshman Year\CS182\VisualStudio Solutions\1 - MySBBST\Debug\MySBBST.lib" /MACHINE:X86 Debug\add.obj
         Debug\comparators.obj
         Debug\height.obj
         Debug\main.obj
         Debug\MySBBST.obj
         Debug\order.obj
         Debug\printout.obj
         Debug\problemChecking.obj
         Debug\remove.obj
         Debug\search.obj
         MySBBST.vcxproj -> C:\Users\Owner\Documents\0 - College Work\1 - Freshman Year\CS182\VisualStudio Solutions\1 - MySBBST\Debug\MySBBST.exe
     1>Done Building Project "C:\Users\Owner\Documents\0 - College Work\1 - Freshman Year\CS182\VisualStudio Solutions\1 - MySBBST\MySBBST\MySBBST.vcxproj" (Build target(s)).

Build succeeded.

Time Elapsed 00:00:05.49
