Build started 5/18/2015 8:47:25 PM.
     1>Project "C:\Users\Owner\Documents\0 - College Work\1 - Freshman Year\CS182\VisualStudio Solutions\2 - Dungeon\Project2\Project2.vcxproj" on node 2 (Build target(s)).
     1>C:\Program Files (x86)\MSBuild\Microsoft.Cpp\v4.0\V120\Microsoft.CppBuild.targets(388,5): warning MSB8028: The intermediate directory (Debug\) contains files shared from another project (Project2.vcxproj).  This can lead to incorrect clean and rebuild behavior.
     1>ClCompile:
         C:\Program Files (x86)\Microsoft Visual Studio 12.0\VC\bin\CL.exe /c /ZI /nologo /W3 /WX- /sdl /Od /Oy- /D _MBCS /Gm /EHsc /RTC1 /MDd /GS /fp:precise /Zc:wchar_t /Zc:forScope /Fo"Debug\\" /Fd"Debug\vc120.pdb" /Gd /TP /analyze- /errorReport:prompt ..\..\..\Dungeon\main.cpp
         main.cpp
     1>c:\users\owner\documents\0 - college work\1 - freshman year\cs182\dungeon\main.cpp(154): warning C4018: '<' : signed/unsigned mismatch
     1>c:\users\owner\documents\0 - college work\1 - freshman year\cs182\dungeon\main.cpp(169): warning C4018: '<' : signed/unsigned mismatch
     1>c:\users\owner\documents\0 - college work\1 - freshman year\cs182\dungeon\main.cpp(182): warning C4018: '<' : signed/unsigned mismatch
       Link:
         C:\Program Files (x86)\Microsoft Visual Studio 12.0\VC\bin\link.exe /ERRORREPORT:PROMPT /OUT:"C:\Users\Owner\Documents\0 - College Work\1 - Freshman Year\CS182\VisualStudio Solutions\2 - Dungeon\Debug\Dungeon.exe" /INCREMENTAL /NOLOGO kernel32.lib user32.lib gdi32.lib winspool.lib comdlg32.lib advapi32.lib shell32.lib ole32.lib oleaut32.lib uuid.lib odbc32.lib odbccp32.lib /MANIFEST /MANIFESTUAC:"level='asInvoker' uiAccess='false'" /manifest:embed /DEBUG /PDB:"C:\Users\Owner\Documents\0 - College Work\1 - Freshman Year\CS182\VisualStudio Solutions\2 - Dungeon\Debug\Dungeon.pdb" /TLBID:1 /DYNAMICBASE /NXCOMPAT /IMPLIB:"C:\Users\Owner\Documents\0 - College Work\1 - Freshman Year\CS182\VisualStudio Solutions\2 - Dungeon\Debug\Dungeon.lib" /MACHINE:X86 Debug\bestPath.obj
         Debug\bfs.obj
         Debug\dfs.obj
         Debug\Dungeon.obj
         Debug\Hall.obj
         Debug\Hero.obj
         Debug\main.obj
         Debug\mst.obj
         Debug\pizzaParty.obj
         Debug\raid.obj
         Debug\Room.obj
         Project2.vcxproj -> C:\Users\Owner\Documents\0 - College Work\1 - Freshman Year\CS182\VisualStudio Solutions\2 - Dungeon\Debug\Dungeon.exe
     1>Done Building Project "C:\Users\Owner\Documents\0 - College Work\1 - Freshman Year\CS182\VisualStudio Solutions\2 - Dungeon\Project2\Project2.vcxproj" (Build target(s)).

Build succeeded.

Time Elapsed 00:00:00.85
